Info: CustomCategory:visao_geral_do_paac: 16 mini seconds publishing element
Info: DeliveryProcess:paac: 1203 mini seconds publishing element
Info: DeliveryProcess:paac: 5750 mini seconds publishing process specific layout data
Info: Phase:Concepcao: 172 mini seconds publishing element
Info: Activity:requisitos_concepcao: 219 mini seconds publishing element
Info: TaskDescriptor:1_definir_projeto: 15 mini seconds publishing element
Info: TaskDescriptor:2_definir_escopo: 0 mini seconds publishing element
Info: TaskDescriptor:3_definir_funcionalidades: 16 mini seconds publishing element
Info: TaskDescriptor:4_dividir_em_cdus: 0 mini seconds publishing element
Info: TaskDescriptor:5_classificar_cdus: 15 mini seconds publishing element
Info: TaskDescriptor:6_descrever_cdus: 16 mini seconds publishing element
Info: Activity:analise_projeto_concepcao: 188 mini seconds publishing element
Info: TaskDescriptor:7_analisar_mod_cdu: 0 mini seconds publishing element
Info: TaskDescriptor:8_reunir_equipe: 16 mini seconds publishing element
Info: TaskDescriptor:9_elaborar_doc_arq: 0 mini seconds publishing element
Info: Activity:impl_testes_concepcao: 109 mini seconds publishing element
Info: TaskDescriptor:10_confeccionar_prototipo: 16 mini seconds publishing element
Info: Activity:gerencia_concepcao: 953 mini seconds publishing element
Info: TaskDescriptor:1_especificar_so: 0 mini seconds publishing element
Info: TaskDescriptor:2_especificar_ferramentas: 16 mini seconds publishing element
Info: TaskDescriptor:3_especif_fer_ger: 15 mini seconds publishing element
Info: TaskDescriptor:4_inst_ferramentas: 0 mini seconds publishing element
Info: TaskDescriptor:5_escrever_doc_amb: 16 mini seconds publishing element
Info: TaskDescriptor:6_plan_reunioes_cliente: 15 mini seconds publishing element
Info: TaskDescriptor:7_executar_reunioes: 0 mini seconds publishing element
Info: TaskDescriptor:8_registrar_em_ata: 16 mini seconds publishing element
Info: TaskDescriptor:9_executar_requisitos: 16 mini seconds publishing element
Info: TaskDescriptor:12_apresentar_artefatos: 15 mini seconds publishing element
Info: TaskDescriptor:13_exec_req_doc_visao: 16 mini seconds publishing element
Info: TaskDescriptor:14_desenvolver_plan_des_soft: 0 mini seconds publishing element
Info: TaskDescriptor:15_desenvolver_plan_iteracao: 16 mini seconds publishing element
Info: TaskDescriptor:Planejar Reunioes Diarias com Equipe do Projeto: 0 mini seconds publishing element
Info: TaskDescriptor:27_desenvolver_termo_apresentacao_produto_PMBOK: 0 mini seconds publishing element
Info: TaskDescriptor:28_planejar_gerenciamento_escopo_PMBOK: 16 mini seconds publishing element
Info: TaskDescriptor:30_planejar_gerenciamento_dos_riscos_PMBOK: 15 mini seconds publishing element
Info: TaskDescriptor:31_gerenciar_comunicacoes_PMBOK: 16 mini seconds publishing element
Info: Phase:Elaboracao: 203 mini seconds publishing element
Info: Activity:requisitos_elaboracao: 328 mini seconds publishing element
Info: TaskDescriptor:19_escolher_caso_uso_validar_arquitetura: 16 mini seconds publishing element
Info: TaskDescriptor:2_Implementar_cdu_escolhido_Arquitetura: 16 mini seconds publishing element
Info: TaskDescriptor:3_consultar_cliente: 0 mini seconds publishing element
Info: TaskDescriptor:4_identificar_mudancas_requisitos: 31 mini seconds publishing element
Info: TaskDescriptor:5_atualizar_diagramas_cdus_classes: 0 mini seconds publishing element
Info: TaskDescriptor:6_atualizar_doc_visao_arquitetura: 15 mini seconds publishing element
Info: TaskDescriptor:10_realizar_analise_e_projeto: 16 mini seconds publishing element
Info: : 1031 mini-second(s) publishing element Activity:analise_projeto_elaboracao[PAAC\deliveryprocesses\analise_projeto_elaboracao_45AAA1BA.html]
Info: Activity:analise_projeto_elaboracao: 1031 mini seconds publishing element
Info: TaskDescriptor:13_revisar_doc_visao_Arquitetura_Especificacoes: 16 mini seconds publishing element
Info: TaskDescriptor:7_elaborar_diagrama_de_interacao: 0 mini seconds publishing element
Info: TaskDescriptor:11_implementar_cdu: 16 mini seconds publishing element
Info: TaskDescriptor:9_ajustar_arq: 15 mini seconds publishing element
Info: TaskDescriptor:8_redefinir_arq: 16 mini seconds publishing element
Info: TaskDescriptor:19_escolher_caso_uso_validar_arquitetura: 0 mini seconds publishing element
Info: TaskDescriptor:0_detalhar_cdu: 15 mini seconds publishing element
Info: TaskDescriptor:14_elaborar_plano_testes: 16 mini seconds publishing element
Info: TaskDescriptor:15_projetar_testes: 16 mini seconds publishing element
Info: Activity:impl_testes_elaboracao: 140 mini seconds publishing element
Info: TaskDescriptor:2_Implementar_cdu_escolhido_Arquitetura: 0 mini seconds publishing element
Info: TaskDescriptor:19_escolher_caso_uso_validar_arquitetura: 16 mini seconds publishing element
Info: TaskDescriptor:11_implementar_cdu: 15 mini seconds publishing element
Info: TaskDescriptor:12_executar_implementacao: 0 mini seconds publishing element
Info: TaskDescriptor:16_implementar_testes: 16 mini seconds publishing element
Info: TaskDescriptor:17_executar_teste: 15 mini seconds publishing element
Info: TaskDescriptor:18_avaliar_teste: 16 mini seconds publishing element
Info: Activity:gerencia_elaboracao: 734 mini seconds publishing element
Info: TaskDescriptor:16_especificar_ferramentas_desenv: 16 mini seconds publishing element
Info: TaskDescriptor:17_instalar_soft_bib: 16 mini seconds publishing element
Info: TaskDescriptor:5_escrever_doc_amb: 15 mini seconds publishing element
Info: TaskDescriptor:7_executar_reunioes: 16 mini seconds publishing element
Info: TaskDescriptor:8_registrar_em_ata: 16 mini seconds publishing element
Info: TaskDescriptor:9_executar_requisitos: 16 mini seconds publishing element
Info: TaskDescriptor:18_apresentar_implementacao: 15 mini seconds publishing element
Info: TaskDescriptor:19_revisar_plan_des_soft: 16 mini seconds publishing element
Info: TaskDescriptor:15_desenvolver_plan_iteracao: 16 mini seconds publishing element
Info: TaskDescriptor:6_plan_reunioes_cliente: 0 mini seconds publishing element
Info: TaskDescriptor:28_planejar_gerenciamento_escopo_PMBOK: 15 mini seconds publishing element
Info: TaskDescriptor:29_planejar_gerenciamento_recusos_humanos_PMBOK: 0 mini seconds publishing element
Info: TaskDescriptor:30_planejar_gerenciamento_dos_riscos_PMBOK: 16 mini seconds publishing element
Info: TaskDescriptor:31_gerenciar_comunicacoes_PMBOK: 16 mini seconds publishing element
Info: Phase:Construcao: 140 mini seconds publishing element
Info: Activity:requisitos_construcao: 281 mini seconds publishing element
Info: TaskDescriptor:0_detalhar_cdu: 16 mini seconds publishing element
Info: TaskDescriptor:3_consultar_cliente: 16 mini seconds publishing element
Info: TaskDescriptor:4_identificar_mudancas_requisitos: 0 mini seconds publishing element
Info: TaskDescriptor:5_atualizar_diagramas_cdus_classes: 15 mini seconds publishing element
Info: TaskDescriptor:6_atualizar_doc_visao_arquitetura: 16 mini seconds publishing element
Info: TaskDescriptor:10_realizar_analise_e_projeto: 16 mini seconds publishing element
Info: Activity:analise_projeto_construcao: 265 mini seconds publishing element
Info: TaskDescriptor:12_executar_implementacao: 0 mini seconds publishing element
Info: TaskDescriptor:7_elaborar_diagrama_de_interacao: 16 mini seconds publishing element
Info: TaskDescriptor:1.a_eslher_cdus: 15 mini seconds publishing element
Info: TaskDescriptor:5_atualizar_diagramas_cdus_classes: 0 mini seconds publishing element
Info: Activity:impl_testes_construcao: 141 mini seconds publishing element
Info: TaskDescriptor:1.a_eslher_cdus: 16 mini seconds publishing element
Info: TaskDescriptor:11_implementar_cdu: 0 mini seconds publishing element
Info: TaskDescriptor:12_executar_implementacao: 15 mini seconds publishing element
Info: TaskDescriptor:13_revisar_doc_visao_Arquitetura_Especificacoes: 16 mini seconds publishing element
Info: Activity:gerencia_construcao: 391 mini seconds publishing element
Info: TaskDescriptor:5_escrever_doc_amb: 0 mini seconds publishing element
Info: TaskDescriptor:20_executar_reunioes_cliente: 15 mini seconds publishing element
Info: TaskDescriptor:8_registrar_em_ata: 16 mini seconds publishing element
Info: TaskDescriptor:19_revisar_plan_des_soft: 0 mini seconds publishing element
Info: TaskDescriptor:15_desenvolver_plan_iteracao: 15 mini seconds publishing element
Info: TaskDescriptor:6_plan_reunioes_cliente: 0 mini seconds publishing element
Info: TaskDescriptor:29_planejar_gerenciamento_recusos_humanos_PMBOK: 32 mini seconds publishing element
Info: TaskDescriptor:30_planejar_gerenciamento_dos_riscos_PMBOK: 0 mini seconds publishing element
Info: TaskDescriptor:31_gerenciar_comunicacoes_PMBOK: 15 mini seconds publishing element
Info: Phase:Validacao: 141 mini seconds publishing element
Info: Activity:requisitos_validacao: 109 mini seconds publishing element
Info: TaskDescriptor:9_realiza_analise_evolutiva: 16 mini seconds publishing element
Info: TaskDescriptor:10_realizar_analise_e_projeto_construcao: 0 mini seconds publishing element
Info: Activity:analise_projeto_validacao: 47 mini seconds publishing element
Info: Activity:impl_testes_validacao: 500 mini seconds publishing element
Info: TaskDescriptor:1_planejar_testes_alfa: 0 mini seconds publishing element
Info: TaskDescriptor:2_executar_testes_alfa: 15 mini seconds publishing element
Info: TaskDescriptor:3_verificar_necessidade_de_remodelagem: 16 mini seconds publishing element
Info: TaskDescriptor:4_implementar_correcoes: 16 mini seconds publishing element
Info: TaskDescriptor:5_iniciar_alteracoes_de_modelagem: 0 mini seconds publishing element
Info: TaskDescriptor:6_executar_build: 15 mini seconds publishing element
Info: TaskDescriptor:8_gerar_relatorio_de_teste_beta: 16 mini seconds publishing element
Info: Activity:gerencia_validacao: 516 mini seconds publishing element
Info: TaskDescriptor:21_identificar_ambiente: 0 mini seconds publishing element
Info: TaskDescriptor:22_instalar_softwares: 0 mini seconds publishing element
Info: TaskDescriptor:23_implantar_sistema: 16 mini seconds publishing element
Info: TaskDescriptor:24_apresentar_sistema: 15 mini seconds publishing element
Info: TaskDescriptor:8_registrar_em_ata: 0 mini seconds publishing element
Info: TaskDescriptor:25_nova_iteracao_ajustes: 16 mini seconds publishing element
Info: TaskDescriptor:19_revisar_plan_des_soft: 0 mini seconds publishing element
Info: TaskDescriptor:15_desenvolver_plan_iteracao: 0 mini seconds publishing element
Info: TaskDescriptor:26_comemoracao_fim: 15 mini seconds publishing element
Info: TaskDescriptor:6_plan_reunioes_cliente: 16 mini seconds publishing element
Info: CustomCategory:atividades do processo: 0 mini seconds publishing element
Info: DisciplineGrouping:disciplinas_concepcao: 16 mini seconds publishing element
Info: Discipline:requisitos: 15 mini seconds publishing element
Info: Task:5_classificar_cdus: 0 mini seconds publishing element
Info: Task:1_definir_projeto: 16 mini seconds publishing element
Info: Task:2_definir_escopo: 15 mini seconds publishing element
Info: Task:3_definir_funcionalidades: 0 mini seconds publishing element
Info: Task:6_descrever_cdus: 16 mini seconds publishing element
Info: Task:4_dividir_em_cdus: 0 mini seconds publishing element
Info: Task:14_elaborar_plano_testes: 16 mini seconds publishing element
Info: Task:15_projetar_testes: 15 mini seconds publishing element
Info: Discipline:analise_e_projeto: 16 mini seconds publishing element
Info: Task:7_analisar_mod_cdu: 0 mini seconds publishing element
Info: Task:9_elaborar_doc_arq: 16 mini seconds publishing element
Info: Task:8_reunir_equipe: 15 mini seconds publishing element
Info: Discipline:impl_testes: 0 mini seconds publishing element
Info: Task:18_avaliar_teste: 16 mini seconds publishing element
Info: Task:10_confeccionar_prototipo: 15 mini seconds publishing element
Info: Task:17_executar_teste: 0 mini seconds publishing element
Info: Discipline:gerencia: 16 mini seconds publishing element
Info: Task:12_apresentar_artefatos: 16 mini seconds publishing element
Info: Task:27_desenvolver_termo_apresentacao_produto_PMBOK: 15 mini seconds publishing element
Info: Task:14_desenvolver_plan_des_soft: 0 mini seconds publishing element
Info: Task:15_desenvolver_plan_iteracao: 32 mini seconds publishing element
Info: Task:5_escrever_doc_amb: 15 mini seconds publishing element
Info: Task:3_especif_fer_ger: 16 mini seconds publishing element
Info: Task:2_especificar_ferramentas: 0 mini seconds publishing element
Info: Task:1_especificar_so: 0 mini seconds publishing element
Info: Task:9_executar_requisitos: 16 mini seconds publishing element
Info: Task:13_exec_req_doc_visao: 16 mini seconds publishing element
Info: Task:11_executar_reuniao_diaria_com_equipe: 0 mini seconds publishing element
Info: Task:7_executar_reunioes: 15 mini seconds publishing element
Info: Task:31_gerenciar_comunicacoes_PMBOK: 16 mini seconds publishing element
Info: Task:4_inst_ferramentas: 0 mini seconds publishing element
Info: Task:28_planejar_gerenciamento_escopo_PMBOK: 15 mini seconds publishing element
Info: Task:29_planejar_gerenciamento_recusos_humanos_PMBOK: 0 mini seconds publishing element
Info: Task:30_planejar_gerenciamento_dos_riscos_PMBOK: 16 mini seconds publishing element
Info: Task:6_plan_reunioes_cliente: 15 mini seconds publishing element
Info: Task:10_Planejar_reunioes_diarias_equipe: 16 mini seconds publishing element
Info: Task:8_registrar_em_ata: 16 mini seconds publishing element
Info: DisciplineGrouping:disciplinas_elaboracao: 0 mini seconds publishing element
Info: Discipline:requisitos_elaboracao: 15 mini seconds publishing element
Info: Task:5_atualizar_diagramas_cdus_classes: 16 mini seconds publishing element
Info: Task:6_atualizar_doc_visao_arquitetura: 16 mini seconds publishing element
Info: Task:3_consultar_cliente: 0 mini seconds publishing element
Info: Task:19_escolher_caso_uso_validar_arquitetura: 31 mini seconds publishing element
Info: Task:4_identificar_mudancas_requisitos: 15 mini seconds publishing element
Info: Task:2_Implementar_cdu_escolhido_Arquitetura: 16 mini seconds publishing element
Info: Task:10_realizar_analise_e_projeto: 16 mini seconds publishing element
Info: Discipline:analise_elaboracao: 15 mini seconds publishing element
Info: Task:9_ajustar_arq: 16 mini seconds publishing element
Info: Task:7_elaborar_diagrama_de_interacao: 16 mini seconds publishing element
Info: Task:11_implementar_cdu: 31 mini seconds publishing element
Info: Task:8_redefinir_arq: 15 mini seconds publishing element
Info: Task:13_revisar_doc_visao_Arquitetura_Especificacoes: 16 mini seconds publishing element
Info: Discipline:impl_elaboracao: 16 mini seconds publishing element
Info: Discipline:gerencia_elaboracao: 15 mini seconds publishing element
Info: Task:18_apresentar_implementacao: 16 mini seconds publishing element
Info: Task:16_especificar_ferramentas_desenv: 16 mini seconds publishing element
Info: Task:17_instalar_soft_bib: 15 mini seconds publishing element
Info: Task:19_revisar_plan_des_soft: 16 mini seconds publishing element
Info: DisciplineGrouping:disciplinas_construcao: 15 mini seconds publishing element
Info: Discipline:requisitos_construcao: 0 mini seconds publishing element
Info: Task:16_implementar_testes: 16 mini seconds publishing element
Info: Task:0_detalhar_cdu: 15 mini seconds publishing element
Info: Discipline:analise_construcao: 16 mini seconds publishing element
Info: Task:12_executar_implementacao: 16 mini seconds publishing element
Info: Discipline:impl_construcao: 0 mini seconds publishing element
Info: Discipline:gerencia_construcao: 15 mini seconds publishing element
Info: Task:20_executar_reunioes_cliente: 16 mini seconds publishing element
Info: DisciplineGrouping:disciplinas_validacao: 15 mini seconds publishing element
Info: Discipline:requisitos_validacao: 0 mini seconds publishing element
Info: Discipline:analise_validacao: 16 mini seconds publishing element
Info: Discipline:impl_validacao: 0 mini seconds publishing element
Info: Task:6_executar_build: 16 mini seconds publishing element
Info: Task:2_executar_testes_alfa: 15 mini seconds publishing element
Info: Task:8_gerar_relatorio_de_teste_beta: 16 mini seconds publishing element
Info: Task:4_implementar_correcoes: 0 mini seconds publishing element
Info: Task:5_iniciar_alteracoes_de_modelagem: 16 mini seconds publishing element
Info: Task:1_planejar_testes_alfa: 15 mini seconds publishing element
Info: Task:3_verificar_necessidade_de_remodelagem: 0 mini seconds publishing element
Info: Discipline:gerencia_validacao: 16 mini seconds publishing element
Info: Task:21_identificar_ambiente: 15 mini seconds publishing element
Info: Task:23_implantar_sistema: 0 mini seconds publishing element
Info: Task:22_instalar_softwares: 16 mini seconds publishing element
Info: Task:25_nova_iteracao_ajustes: 0 mini seconds publishing element
Info: Task:26_comemoracao_fim: 16 mini seconds publishing element
Info: Task:24_apresentar_sistema: 15 mini seconds publishing element
Info: CustomCategory:role_sets: 16 mini seconds publishing element
Info: RoleSet:analise: 0 mini seconds publishing element
Info: Role:analista: 125 mini seconds publishing element
Info: Task:9_realiza_analise_evolutiva: 0 mini seconds publishing element
Info: Artifact:diagrama_geral_cdus: 47 mini seconds publishing element
Info: Artifact:doc_risco: 31 mini seconds publishing element
Info: Artifact:doc_visao: 31 mini seconds publishing element
Info: Example:exemplo_diagrama_geral_cdus: 16 mini seconds publishing element
Info: Template:modelo_doc_risco: 16 mini seconds publishing element
Info: Template:modelo_doc_visao: 0 mini seconds publishing element
Info: Artifact:doc_avaliacao_testes: 15 mini seconds publishing element
Info: Artifact:plan_des_soft: 16 mini seconds publishing element
Info: Artifact:plano_d_testes: 15 mini seconds publishing element
Info: Artifact:plano_d_testes_checklist: 32 mini seconds publishing element
Info: Artifact:plano_d_testes_checklist: 15 mini seconds publishing element
Info: Template:modelo_documento_avaliacao_testes: 0 mini seconds publishing element
Info: Template:modelo_plan_des_soft: 16 mini seconds publishing element
Info: Template:modelo_plano_de_test: 16 mini seconds publishing element
Info: Template:modelo_plano_de_test_Checklists: 0 mini seconds publishing element
Info: Role:stakeholders: 31 mini seconds publishing element
Info: Role:projetista_d_test: 47 mini seconds publishing element
Info: Artifact:doc_avaliacao_testes: 15 mini seconds publishing element
Info: RoleSet:projeto: 0 mini seconds publishing element
Info: Role:arquiteto: 110 mini seconds publishing element
Info: Artifact:doc_arq: 31 mini seconds publishing element
Info: Template:modelo_doc_arquitetura: 16 mini seconds publishing element
Info: Artifact:ata_de_reuniao: 31 mini seconds publishing element
Info: Template:modelo_ata: 15 mini seconds publishing element
Info: Role:projetista: 110 mini seconds publishing element
Info: Task:1.a_eslher_cdus: 0 mini seconds publishing element
Info: Artifact:diagrama_de_classes: 31 mini seconds publishing element
Info: Artifact:diagrama_interacao: 31 mini seconds publishing element
Info: Artifact:especificacao_cdu: 32 mini seconds publishing element
Info: Example:exemplo_diagrama_classes: 15 mini seconds publishing element
Info: Example:exemplo_diagrama_interacao: 0 mini seconds publishing element
Info: Template:modelo_especificacao_cdu: 16 mini seconds publishing element
Info: RoleSet:implementacao_e_testes: 0 mini seconds publishing element
Info: Role:designer: 31 mini seconds publishing element
Info: Artifact:prototipo_de_telas: 16 mini seconds publishing element
Info: Role:implementador_testador: 78 mini seconds publishing element
Info: Artifact:codigos_fontes: 31 mini seconds publishing element
Info: Artifact:doc_avaliacao_testes: 16 mini seconds publishing element
Info: Artifact:plan_des_soft: 15 mini seconds publishing element
Info: Artifact:plano_d_testes: 16 mini seconds publishing element
Info: Artifact:plano_d_testes_checklist: 16 mini seconds publishing element
Info: RoleSet:gerenciamento: 0 mini seconds publishing element
Info: Role:gerente: 93 mini seconds publishing element
Info: Artifact:doc_amb: 16 mini seconds publishing element
Info: Artifact:plan_des_soft: 16 mini seconds publishing element
Info: Artifact:plan_iteracao: 16 mini seconds publishing element
Info: Template:modelo_doc_ambiente: 0 mini seconds publishing element
Info: Template:modelo_plano_iteracao: 0 mini seconds publishing element
Info: Artifact:doc_registro_dos_riscos_e _das_acoes_PMBOK: 16 mini seconds publishing element
Info: Artifact:plano_gerenciamento_comunicacoes_PMBOK: 16 mini seconds publishing element
Info: Artifact:plano_d_gerenciamento_escopo_PMBOK: 15 mini seconds publishing element
Info: Artifact:plano_d_gerenciamento_dos_riscos_PMBOK: 16 mini seconds publishing element
Info: Template:modelo_doc_registro_dos_riscos_e_das_acoes_PMBOK: 0 mini seconds publishing element
Info: Template:modelo_doc_plano_gerenciamento_comunicacoes_PMBOK: 16 mini seconds publishing element
Info: Template:modelo_doc_plano_de_gerenciamento_escopo_PMBOK: 0 mini seconds publishing element
Info: Template:modelo_doc_plano_de_gerenciamento_dos_riscos_PMBOK: 15 mini seconds publishing element
Info: CustomCategory:artefatos: 0 mini seconds publishing element
Info: WorkProductType:codigos_fontes: 16 mini seconds publishing element
Info: WorkProductType:diagramas_uml: 0 mini seconds publishing element
Info: WorkProductType:documentos_texto: 15 mini seconds publishing element
Info: Artifact:plano_d_testes: 0 mini seconds publishing element
Info: WorkProductType:imagem_html: 16 mini seconds publishing element
Info: ToolMentor:ms_project: 0 mini seconds publishing element
Info: RoleDescriptor:analista: 15 mini seconds publishing element
Info: RoleDescriptor:arquiteto: 0 mini seconds publishing element
Info: RoleDescriptor:designer: 0 mini seconds publishing element
Info: RoleDescriptor:gerente: 16 mini seconds publishing element
Info: RoleDescriptor:implementador_testador: 15 mini seconds publishing element
Info: RoleDescriptor:projetista: 16 mini seconds publishing element
Info: RoleDescriptor:projetista_d_test: 15 mini seconds publishing element
Info: RoleDescriptor:stakeholders: 16 mini seconds publishing element
Info: WorkProductDescriptor:ata_de_reuniao: 16 mini seconds publishing element
Info: WorkProductDescriptor:codigos_fontes: 0 mini seconds publishing element
Info: WorkProductDescriptor:diagrama_de_classes: 0 mini seconds publishing element
Info: WorkProductDescriptor:diagrama_interacao: 16 mini seconds publishing element
Info: WorkProductDescriptor:diagrama_geral_cdus: 16 mini seconds publishing element
Info: WorkProductDescriptor:doc_amb: 0 mini seconds publishing element
Info: WorkProductDescriptor:doc_apresentacao_produto_PMBOK: 0 mini seconds publishing element
Info: WorkProductDescriptor:doc_arq: 16 mini seconds publishing element
Info: WorkProductDescriptor:doc_avaliacao_testes: 15 mini seconds publishing element
Info: WorkProductDescriptor:doc_avaliacao_testes: 16 mini seconds publishing element
Info: WorkProductDescriptor:doc_avaliacao_testes: 16 mini seconds publishing element
Info: WorkProductDescriptor:doc_risco: 15 mini seconds publishing element
Info: WorkProductDescriptor:doc_visao: 0 mini seconds publishing element
Info: WorkProductDescriptor:especificacao_cdu: 16 mini seconds publishing element
Info: WorkProductDescriptor:doc_registro_dos_riscos_e _das_acoes_PMBOK: 16 mini seconds publishing element
Info: WorkProductDescriptor:Plano: 0 mini seconds publishing element
Info: WorkProductDescriptor:Plano: 15 mini seconds publishing element
Info: WorkProductDescriptor:Plano: 0 mini seconds publishing element
Info: WorkProductDescriptor:plan_des_soft: 16 mini seconds publishing element
Info: WorkProductDescriptor:plan_des_soft: 15 mini seconds publishing element
Info: WorkProductDescriptor:plan_des_soft: 16 mini seconds publishing element
Info: WorkProductDescriptor:Plano de Gerenciamento das Comunicações PMBOK: 0 mini seconds publishing element
Info: WorkProductDescriptor:Plano de Gerenciamento das Comunicações PMBOK: 16 mini seconds publishing element
Info: WorkProductDescriptor:Plano de Gerenciamento das Comunicações PMBOK: 0 mini seconds publishing element
Info: WorkProductDescriptor:plano_gerenciamento_comunicacoes_PMBOK: 15 mini seconds publishing element
Info: WorkProductDescriptor:Plano de Gerenciamento de Escopo do Projeto PMBOK: 0 mini seconds publishing element
Info: WorkProductDescriptor:Plano de Gerenciamento de Escopo do Projeto PMBOK: 16 mini seconds publishing element
Info: WorkProductDescriptor:Plano de Gerenciamento de Escopo do Projeto PMBOK: 0 mini seconds publishing element
Info: WorkProductDescriptor:plano_d_gerenciamento_recursos_humanos_PMBOK: 16 mini seconds publishing element
Info: WorkProductDescriptor:Plano de Gerenciamento de Recursos Humanos PMBOK: 0 mini seconds publishing element
Info: WorkProductDescriptor:Plano de Gerenciamento de Recursos Humanos PMBOK: 0 mini seconds publishing element
Info: WorkProductDescriptor:Plano de Gerenciamento de Recursos Humanos PMBOK: 15 mini seconds publishing element
Info: WorkProductDescriptor:Plano de Gerenciamento de Riscos PMBOK: 0 mini seconds publishing element
Info: WorkProductDescriptor:Plano de Gerenciamento de Riscos PMBOK: 16 mini seconds publishing element
Info: WorkProductDescriptor:Plano de Gerenciamento de Riscos PMBOK: 0 mini seconds publishing element
Info: WorkProductDescriptor:plano_d_gerenciamento_escopo_PMBOK: 15 mini seconds publishing element
Info: WorkProductDescriptor:plano_d_gerenciamento_dos_riscos_PMBOK: 0 mini seconds publishing element
Info: WorkProductDescriptor:plan_iteracao: 16 mini seconds publishing element
Info: WorkProductDescriptor:Plano de Registro de Riscos e Ações PMBOK: 0 mini seconds publishing element
Info: WorkProductDescriptor:Plano de Registro de Riscos e Ações PMBOK: 16 mini seconds publishing element
Info: WorkProductDescriptor:Plano de Registro de Riscos e Ações PMBOK: 0 mini seconds publishing element
Info: WorkProductDescriptor:plano_d_testes: 31 mini seconds publishing element
Info: WorkProductDescriptor:plano_d_testes: 16 mini seconds publishing element
Info: WorkProductDescriptor:plano_d_testes: 0 mini seconds publishing element
Info: WorkProductDescriptor:plano_d_testes_checklist: 15 mini seconds publishing element
Info: WorkProductDescriptor:plano_d_testes_checklist: 16 mini seconds publishing element
Info: WorkProductDescriptor:plano_d_testes_checklist: 31 mini seconds publishing element
Info: WorkProductDescriptor:prototipo_de_telas: 16 mini seconds publishing element
Info: RoleDescriptor:arquiteto: 0 mini seconds publishing element
Info: WorkProductDescriptor:diagrama_geral_cdus: 15 mini seconds publishing element
Info: WorkProductDescriptor:doc_visao: 16 mini seconds publishing element
Info: RoleDescriptor:analista: 16 mini seconds publishing element
Info: RoleDescriptor:gerente: 15 mini seconds publishing element
Info: WorkProductDescriptor:ata_de_reuniao: 16 mini seconds publishing element
Info: WorkProductDescriptor:diagrama_geral_cdus: 15 mini seconds publishing element
Info: WorkProductDescriptor:doc_arq: 16 mini seconds publishing element
Info: WorkProductDescriptor:doc_risco: 16 mini seconds publishing element
Info: WorkProductDescriptor:doc_visao: 15 mini seconds publishing element
Info: WorkProductDescriptor:prototipo_de_telas: 0 mini seconds publishing element
Info: RoleDescriptor:analista: 16 mini seconds publishing element
Info: RoleDescriptor:arquiteto: 16 mini seconds publishing element
Info: RoleDescriptor:gerente: 0 mini seconds publishing element
Info: WorkProductDescriptor:ata_de_reuniao: 15 mini seconds publishing element
Info: WorkProductDescriptor:diagrama_geral_cdus: 0 mini seconds publishing element
Info: WorkProductDescriptor:doc_amb: 15 mini seconds publishing element
Info: WorkProductDescriptor:doc_arq: 0 mini seconds publishing element
Info: WorkProductDescriptor:doc_risco: 16 mini seconds publishing element
Info: WorkProductDescriptor:doc_visao: 16 mini seconds publishing element
Info: WorkProductDescriptor:doc_registro_dos_riscos_e _das_acoes_PMBOK: 0 mini seconds publishing element
Info: WorkProductDescriptor:plan_des_soft: 15 mini seconds publishing element
Info: WorkProductDescriptor:plano_gerenciamento_comunicacoes_PMBOK: 16 mini seconds publishing element
Info: WorkProductDescriptor:plano_d_gerenciamento_escopo_PMBOK: 16 mini seconds publishing element
Info: WorkProductDescriptor:plano_d_gerenciamento_dos_riscos_PMBOK: 0 mini seconds publishing element
Info: WorkProductDescriptor:plan_iteracao: 15 mini seconds publishing element
Info: RoleDescriptor:analista: 31 mini seconds publishing element
Info: RoleDescriptor:arquiteto: 16 mini seconds publishing element
Info: RoleDescriptor:projetista: 16 mini seconds publishing element
Info: WorkProductDescriptor:diagrama_geral_cdus: 15 mini seconds publishing element
Info: WorkProductDescriptor:doc_arq: 16 mini seconds publishing element
Info: WorkProductDescriptor:doc_visao: 0 mini seconds publishing element
Info: WorkProductDescriptor:especificacao_cdu: 16 mini seconds publishing element
Info: RoleDescriptor:arquiteto: 15 mini seconds publishing element
Info: RoleDescriptor:implementador_testador: 16 mini seconds publishing element
Info: RoleDescriptor:projetista: 0 mini seconds publishing element
Info: RoleDescriptor:projetista_d_test: 16 mini seconds publishing element
Info: WorkProductDescriptor:codigos_fontes: 16 mini seconds publishing element
Info: WorkProductDescriptor:diagrama_de_classes: 15 mini seconds publishing element
Info: WorkProductDescriptor:diagrama_interacao: 0 mini seconds publishing element
Info: WorkProductDescriptor:diagrama_geral_cdus: 16 mini seconds publishing element
Info: WorkProductDescriptor:doc_arq: 16 mini seconds publishing element
Info: WorkProductDescriptor:doc_avaliacao_testes: 15 mini seconds publishing element
Info: WorkProductDescriptor:doc_visao: 0 mini seconds publishing element
Info: WorkProductDescriptor:especificacao_cdu: 16 mini seconds publishing element
Info: WorkProductDescriptor:plan_des_soft: 15 mini seconds publishing element
Info: WorkProductDescriptor:plano_d_testes: 16 mini seconds publishing element
Info: WorkProductDescriptor:plano_d_testes_checklist: 16 mini seconds publishing element
Info: WorkProductDescriptor:plano_d_testes_checklist: 15 mini seconds publishing element
Info: RoleDescriptor:analista: 16 mini seconds publishing element
Info: RoleDescriptor:gerente: 16 mini seconds publishing element
Info: RoleDescriptor:implementador_testador: 15 mini seconds publishing element
Info: WorkProductDescriptor:codigos_fontes: 0 mini seconds publishing element
Info: WorkProductDescriptor:diagrama_geral_cdus: 16 mini seconds publishing element
Info: WorkProductDescriptor:doc_arq: 15 mini seconds publishing element
Info: WorkProductDescriptor:doc_visao: 16 mini seconds publishing element
Info: RoleDescriptor:analista: 16 mini seconds publishing element
Info: RoleDescriptor:arquiteto: 0 mini seconds publishing element
Info: RoleDescriptor:gerente: 0 mini seconds publishing element
Info: RoleDescriptor:implementador_testador: 16 mini seconds publishing element
Info: RoleDescriptor:projetista: 0 mini seconds publishing element
Info: WorkProductDescriptor:ata_de_reuniao: 16 mini seconds publishing element
Info: WorkProductDescriptor:codigos_fontes: 15 mini seconds publishing element
Info: WorkProductDescriptor:diagrama_de_classes: 0 mini seconds publishing element
Info: WorkProductDescriptor:diagrama_interacao: 16 mini seconds publishing element
Info: WorkProductDescriptor:diagrama_geral_cdus: 0 mini seconds publishing element
Info: WorkProductDescriptor:doc_amb: 0 mini seconds publishing element
Info: WorkProductDescriptor:doc_arq: 16 mini seconds publishing element
Info: WorkProductDescriptor:doc_risco: 0 mini seconds publishing element
Info: WorkProductDescriptor:doc_visao: 16 mini seconds publishing element
Info: WorkProductDescriptor:especificacao_cdu: 0 mini seconds publishing element
Info: WorkProductDescriptor:doc_registro_dos_riscos_e _das_acoes_PMBOK: 15 mini seconds publishing element
Info: WorkProductDescriptor:plan_des_soft: 16 mini seconds publishing element
Info: WorkProductDescriptor:plano_gerenciamento_comunicacoes_PMBOK: 0 mini seconds publishing element
Info: WorkProductDescriptor:plano_d_gerenciamento_recursos_humanos_PMBOK: 0 mini seconds publishing element
Info: WorkProductDescriptor:plano_d_gerenciamento_dos_riscos_PMBOK: 15 mini seconds publishing element
Info: WorkProductDescriptor:plan_iteracao: 0 mini seconds publishing element
Info: RoleDescriptor:analista: 16 mini seconds publishing element
Info: RoleDescriptor:projetista: 15 mini seconds publishing element
Info: WorkProductDescriptor:diagrama_geral_cdus: 0 mini seconds publishing element
Info: WorkProductDescriptor:doc_visao: 16 mini seconds publishing element
Info: WorkProductDescriptor:especificacao_cdu: 0 mini seconds publishing element
Info: RoleDescriptor:analista: 16 mini seconds publishing element
Info: RoleDescriptor:implementador_testador: 15 mini seconds publishing element
Info: RoleDescriptor:projetista: 16 mini seconds publishing element
Info: WorkProductDescriptor:codigos_fontes: 0 mini seconds publishing element
Info: WorkProductDescriptor:diagrama_de_classes: 15 mini seconds publishing element
Info: WorkProductDescriptor:diagrama_interacao: 0 mini seconds publishing element
Info: WorkProductDescriptor:diagrama_geral_cdus: 16 mini seconds publishing element
Info: WorkProductDescriptor:doc_risco: 15 mini seconds publishing element
Info: WorkProductDescriptor:doc_visao: 0 mini seconds publishing element
Info: WorkProductDescriptor:especificacao_cdu: 16 mini seconds publishing element
Info: RoleDescriptor:gerente: 31 mini seconds publishing element
Info: RoleDescriptor:implementador_testador: 0 mini seconds publishing element
Info: WorkProductDescriptor:codigos_fontes: 16 mini seconds publishing element
Info: WorkProductDescriptor:diagrama_geral_cdus: 16 mini seconds publishing element
Info: WorkProductDescriptor:doc_risco: 0 mini seconds publishing element
Info: WorkProductDescriptor:doc_visao: 15 mini seconds publishing element
Info: RoleDescriptor:analista: 16 mini seconds publishing element
Info: RoleDescriptor:arquiteto: 0 mini seconds publishing element
Info: RoleDescriptor:designer: 0 mini seconds publishing element
Info: RoleDescriptor:gerente: 16 mini seconds publishing element
Info: RoleDescriptor:implementador_testador: 16 mini seconds publishing element
Info: RoleDescriptor:projetista: 15 mini seconds publishing element
Info: RoleDescriptor:stakeholders: 0 mini seconds publishing element
Info: WorkProductDescriptor:ata_de_reuniao: 16 mini seconds publishing element
Info: WorkProductDescriptor:codigos_fontes: 16 mini seconds publishing element
Info: WorkProductDescriptor:diagrama_de_classes: 15 mini seconds publishing element
Info: WorkProductDescriptor:diagrama_interacao: 0 mini seconds publishing element
Info: WorkProductDescriptor:diagrama_geral_cdus: 16 mini seconds publishing element
Info: WorkProductDescriptor:doc_amb: 0 mini seconds publishing element
Info: WorkProductDescriptor:doc_arq: 0 mini seconds publishing element
Info: WorkProductDescriptor:doc_risco: 16 mini seconds publishing element
Info: WorkProductDescriptor:doc_visao: 0 mini seconds publishing element
Info: WorkProductDescriptor:especificacao_cdu: 0 mini seconds publishing element
Info: WorkProductDescriptor:plan_des_soft: 16 mini seconds publishing element
Info: WorkProductDescriptor:plan_iteracao: 15 mini seconds publishing element
Info: WorkProductDescriptor:prototipo_de_telas: 0 mini seconds publishing element
Info: RoleDescriptor:projetista: 0 mini seconds publishing element
Info: WorkProductDescriptor:diagrama_de_classes: 15 mini seconds publishing element
Info: WorkProductDescriptor:diagrama_interacao: 16 mini seconds publishing element
Info: WorkProductDescriptor:especificacao_cdu: 0 mini seconds publishing element
Info: RoleDescriptor:analista: 0 mini seconds publishing element
Info: RoleDescriptor:implementador_testador: 16 mini seconds publishing element
Info: RoleDescriptor:projetista: 16 mini seconds publishing element
Info: WorkProductDescriptor:codigos_fontes: 0 mini seconds publishing element
Info: WorkProductDescriptor:diagrama_de_classes: 15 mini seconds publishing element
Info: WorkProductDescriptor:diagrama_interacao: 0 mini seconds publishing element
Info: WorkProductDescriptor:diagrama_geral_cdus: 16 mini seconds publishing element
Info: WorkProductDescriptor:doc_risco: 16 mini seconds publishing element
Info: WorkProductDescriptor:doc_visao: 0 mini seconds publishing element
Info: WorkProductDescriptor:especificacao_cdu: 15 mini seconds publishing element
Info: Artifact:doc_apresentacao_produto_PMBOK: 16 mini seconds publishing element
Info: Domain:construcao_domaisn: 0 mini seconds publishing element
Info: Domain:elaboracao_domain: 15 mini seconds publishing element
Info: Domain:concepcao_domain: 0 mini seconds publishing element
Info: Domain:validacao_domain: 16 mini seconds publishing element
Info: Template:modelo_doc_apresentacao_do_produto_PMBOK: 0 mini seconds publishing element
Info: Template:modelo_doc_plano_de_gerenciamento_recursos_humanos_PMBOK: 0 mini seconds publishing element
Info: Artifact:plano_d_gerenciamento_recursos_humanos_PMBOK: 16 mini seconds publishing element
Info: : Publishing time: 0 minutes 22 seconds
